  Compiling CUDA source file main.cu...
  
  D:\homework\vrlab\cudapro>"C:\Program Files\NVIDIA GPU Computing Toolkit\CUDA\v10.2\bin\nvcc.exe" -gencode=arch=compute_30,code=\"sm_30,compute_30\" --use-local-env -ccbin "C:\Program Files (x86)\Microsoft Visual Studio\2019\Community\VC\Tools\MSVC\14.23.28105\bin\HostX86\x64" -x cu  -I"C:\Program Files\NVIDIA GPU Computing Toolkit\CUDA\v10.2\include" -I"C:\Program Files\NVIDIA GPU Computing Toolkit\CUDA\v10.2\include"  -G   --keep-dir x64\Debug -maxrregcount=0  --machine 64 --compile -cudart static  -g   -D_MBCS -Xcompiler "/EHsc /W3 /nologo /Od /Fdx64\Debug\vc142.pdb /FS /Zi /RTC1 /MDd " -o x64\Debug\main.cu.obj "D:\homework\vrlab\cudapro\main.cu" 
C:\Program Files\NVIDIA GPU Computing Toolkit\CUDA\v10.2\include\cuda_runtime_api.h(9349): warning C4819: 该文件包含不能在当前代码页(936)中表示的字符。请将该文件保存为 Unicode 格式以防止数据丢失
C:\Program Files\NVIDIA GPU Computing Toolkit\CUDA\v10.2\include\cuda_runtime_api.h(9349): warning C4819: 该文件包含不能在当前代码页(936)中表示的字符。请将该文件保存为 Unicode 格式以防止数据丢失
C:\Program Files\NVIDIA GPU Computing Toolkit\CUDA\v10.2\include\cuda_runtime_api.h(9349): warning C4819: 该文件包含不能在当前代码页(936)中表示的字符。请将该文件保存为 Unicode 格式以防止数据丢失
C:\Program Files\NVIDIA GPU Computing Toolkit\CUDA\v10.2\include\cuda_runtime_api.h(9349): warning C4819: 该文件包含不能在当前代码页(936)中表示的字符。请将该文件保存为 Unicode 格式以防止数据丢失
C:\Program Files\NVIDIA GPU Computing Toolkit\CUDA\v10.2\include\cuda_runtime_api.h(9349): warning C4819: 该文件包含不能在当前代码页(936)中表示的字符。请将该文件保存为 Unicode 格式以防止数据丢失
C:\Program Files\NVIDIA GPU Computing Toolkit\CUDA\v10.2\include\cuda_runtime_api.h(9349): warning C4819: 该文件包含不能在当前代码页(936)中表示的字符。请将该文件保存为 Unicode 格式以防止数据丢失
C:\Program Files\NVIDIA GPU Computing Toolkit\CUDA\v10.2\include\cuda_runtime_api.h(9349): warning C4819: 该文件包含不能在当前代码页(936)中表示的字符。请将该文件保存为 Unicode 格式以防止数据丢失
C:\Program Files\NVIDIA GPU Computing Toolkit\CUDA\v10.2\include\cuda_runtime_api.h(9349): warning C4819: 该文件包含不能在当前代码页(936)中表示的字符。请将该文件保存为 Unicode 格式以防止数据丢失
C:\Program Files\NVIDIA GPU Computing Toolkit\CUDA\v10.2\include\cuda_runtime_api.h(9349): warning C4819: 该文件包含不能在当前代码页(936)中表示的字符。请将该文件保存为 Unicode 格式以防止数据丢失
C:\Program Files\NVIDIA GPU Computing Toolkit\CUDA\v10.2\include\cuda_runtime_api.h(9349): warning C4819: 该文件包含不能在当前代码页(936)中表示的字符。请将该文件保存为 Unicode 格式以防止数据丢失
C:\Program Files\NVIDIA GPU Computing Toolkit\CUDA\v10.2\include\cuda_runtime_api.h(9349): warning C4819: 该文件包含不能在当前代码页(936)中表示的字符。请将该文件保存为 Unicode 格式以防止数据丢失
C:\Program Files\NVIDIA GPU Computing Toolkit\CUDA\v10.2\include\cuda_runtime_api.h(9349): warning C4819: 该文件包含不能在当前代码页(936)中表示的字符。请将该文件保存为 Unicode 格式以防止数据丢失
C:\Program Files\NVIDIA GPU Computing Toolkit\CUDA\v10.2\include\sm_20_intrinsics.h(1): warning C4819: 该文件包含不能在当前代码页(936)中表示的字符。请将该文件保存为 Unicode 格式以防止数据丢失
C:\Program Files\NVIDIA GPU Computing Toolkit\CUDA\v10.2\include\cuda_runtime_api.h(9349): warning C4819: 该文件包含不能在当前代码页(936)中表示的字符。请将该文件保存为 Unicode 格式以防止数据丢失
C:\Program Files\NVIDIA GPU Computing Toolkit\CUDA\v10.2\include\sm_20_intrinsics.h(926): warning C4819: 该文件包含不能在当前代码页(936)中表示的字符。请将该文件保存为 Unicode 格式以防止数据丢失
C:\Program Files\NVIDIA GPU Computing Toolkit\CUDA\v10.2\include\cuda_runtime_api.h(9349): warning C4819: 该文件包含不能在当前代码页(936)中表示的字符。请将该文件保存为 Unicode 格式以防止数据丢失
C:\Program Files\NVIDIA GPU Computing Toolkit\CUDA\v10.2\include\cuda_runtime_api.h(9349): warning C4819: 该文件包含不能在当前代码页(936)中表示的字符。请将该文件保存为 Unicode 格式以防止数据丢失
C:\Program Files\NVIDIA GPU Computing Toolkit\CUDA\v10.2\include\cuda_runtime_api.h(9349): warning C4819: 该文件包含不能在当前代码页(936)中表示的字符。请将该文件保存为 Unicode 格式以防止数据丢失
C:\Program Files\NVIDIA GPU Computing Toolkit\CUDA\v10.2\include\cuda_runtime_api.h(9349): warning C4819: 该文件包含不能在当前代码页(936)中表示的字符。请将该文件保存为 Unicode 格式以防止数据丢失
C:\Program Files\NVIDIA GPU Computing Toolkit\CUDA\v10.2\include\cuda_runtime_api.h(9349): warning C4819: 该文件包含不能在当前代码页(936)中表示的字符。请将该文件保存为 Unicode 格式以防止数据丢失
C:\Program Files\NVIDIA GPU Computing Toolkit\CUDA\v10.2\include\cuda_runtime_api.h(9349): warning C4819: 该文件包含不能在当前代码页(936)中表示的字符。请将该文件保存为 Unicode 格式以防止数据丢失
C:\Program Files\NVIDIA GPU Computing Toolkit\CUDA\v10.2\include\cuda_runtime_api.h(9349): warning C4819: 该文件包含不能在当前代码页(936)中表示的字符。请将该文件保存为 Unicode 格式以防止数据丢失
D:\homework\vrlab\cudapro\stb-master\stb_image.h(4096): warning : variable "old_limit" was set but never used
  
D:\homework\vrlab\cudapro\stb-master\stb_image.h(4975): warning : variable "idata_limit_old" was set but never used
  
D:/homework/vrlab/cudapro/main.cu(27): warning : return type of function "main" must be "int"
  
D:/homework/vrlab/cudapro/main.cu(47): warning : variable "readPath" was declared but never referenced
  
D:/homework/vrlab/cudapro/main.cu(48): warning : variable "frame" was declared but never referenced
  
D:/homework/vrlab/cudapro/main.cu(53): warning : variable "size2" was declared but never referenced
  
D:/homework/vrlab/cudapro/main.cu(91): warning : variable "rootPath2" was declared but never referenced
  
D:/homework/vrlab/cudapro/main.cu(92): warning : variable "writePath" was declared but never referenced
  
D:/homework/vrlab/cudapro/main.cu(161): warning : variable "readPath" was declared but never referenced
  
D:/homework/vrlab/cudapro/main.cu(175): warning : variable "rootPath2" was declared but never referenced
  
C:\Program Files\NVIDIA GPU Computing Toolkit\CUDA\v10.2\include\cuda_runtime_api.h(9349): warning C4819: 该文件包含不能在当前代码页(936)中表示的字符。请将该文件保存为 Unicode 格式以防止数据丢失
C:\Program Files\NVIDIA GPU Computing Toolkit\CUDA\v10.2\include\cuda_runtime_api.h(9349): warning C4819: 该文件包含不能在当前代码页(936)中表示的字符。请将该文件保存为 Unicode 格式以防止数据丢失
C:\Program Files\NVIDIA GPU Computing Toolkit\CUDA\v10.2\include\cuda_runtime_api.h(9349): warning C4819: 该文件包含不能在当前代码页(936)中表示的字符。请将该文件保存为 Unicode 格式以防止数据丢失
C:\Program Files\NVIDIA GPU Computing Toolkit\CUDA\v10.2\include\cuda_runtime_api.h(9349): warning C4819: 该文件包含不能在当前代码页(936)中表示的字符。请将该文件保存为 Unicode 格式以防止数据丢失
C:\Program Files\NVIDIA GPU Computing Toolkit\CUDA\v10.2\include\cuda_runtime_api.h(9349): warning C4819: 该文件包含不能在当前代码页(936)中表示的字符。请将该文件保存为 Unicode 格式以防止数据丢失
C:\Program Files\NVIDIA GPU Computing Toolkit\CUDA\v10.2\include\cuda_runtime_api.h(9349): warning C4819: 该文件包含不能在当前代码页(936)中表示的字符。请将该文件保存为 Unicode 格式以防止数据丢失
C:\Program Files\NVIDIA GPU Computing Toolkit\CUDA\v10.2\include\cuda_runtime_api.h(9349): warning C4819: 该文件包含不能在当前代码页(936)中表示的字符。请将该文件保存为 Unicode 格式以防止数据丢失
C:\Program Files\NVIDIA GPU Computing Toolkit\CUDA\v10.2\include\cuda_runtime_api.h(9349): warning C4819: 该文件包含不能在当前代码页(936)中表示的字符。请将该文件保存为 Unicode 格式以防止数据丢失
C:\Program Files\NVIDIA GPU Computing Toolkit\CUDA\v10.2\include\cuda_runtime_api.h(9349): warning C4819: 该文件包含不能在当前代码页(936)中表示的字符。请将该文件保存为 Unicode 格式以防止数据丢失
C:\Program Files\NVIDIA GPU Computing Toolkit\CUDA\v10.2\include\cuda_runtime_api.h(9349): warning C4819: 该文件包含不能在当前代码页(936)中表示的字符。请将该文件保存为 Unicode 格式以防止数据丢失
C:\Program Files\NVIDIA GPU Computing Toolkit\CUDA\v10.2\include\cuda_runtime_api.h(9349): warning C4819: 该文件包含不能在当前代码页(936)中表示的字符。请将该文件保存为 Unicode 格式以防止数据丢失
C:\Program Files\NVIDIA GPU Computing Toolkit\CUDA\v10.2\include\sm_20_intrinsics.h(1): warning C4819: 该文件包含不能在当前代码页(936)中表示的字符。请将该文件保存为 Unicode 格式以防止数据丢失
C:\Program Files\NVIDIA GPU Computing Toolkit\CUDA\v10.2\include\cuda_runtime_api.h(9349): warning C4819: 该文件包含不能在当前代码页(936)中表示的字符。请将该文件保存为 Unicode 格式以防止数据丢失
C:\Program Files\NVIDIA GPU Computing Toolkit\CUDA\v10.2\include\sm_20_intrinsics.h(926): warning C4819: 该文件包含不能在当前代码页(936)中表示的字符。请将该文件保存为 Unicode 格式以防止数据丢失
C:\Program Files\NVIDIA GPU Computing Toolkit\CUDA\v10.2\include\cuda_runtime_api.h(9349): warning C4819: 该文件包含不能在当前代码页(936)中表示的字符。请将该文件保存为 Unicode 格式以防止数据丢失
C:\Program Files\NVIDIA GPU Computing Toolkit\CUDA\v10.2\include\cuda_runtime_api.h(9349): warning C4819: 该文件包含不能在当前代码页(936)中表示的字符。请将该文件保存为 Unicode 格式以防止数据丢失
C:\Program Files\NVIDIA GPU Computing Toolkit\CUDA\v10.2\include\cuda_runtime_api.h(9349): warning C4819: 该文件包含不能在当前代码页(936)中表示的字符。请将该文件保存为 Unicode 格式以防止数据丢失
C:\Program Files\NVIDIA GPU Computing Toolkit\CUDA\v10.2\include\cuda_runtime_api.h(9349): warning C4819: 该文件包含不能在当前代码页(936)中表示的字符。请将该文件保存为 Unicode 格式以防止数据丢失
C:\Program Files\NVIDIA GPU Computing Toolkit\CUDA\v10.2\include\cuda_runtime_api.h(9349): warning C4819: 该文件包含不能在当前代码页(936)中表示的字符。请将该文件保存为 Unicode 格式以防止数据丢失
C:\Program Files\NVIDIA GPU Computing Toolkit\CUDA\v10.2\include\cuda_runtime_api.h(9349): warning C4819: 该文件包含不能在当前代码页(936)中表示的字符。请将该文件保存为 Unicode 格式以防止数据丢失
C:\Program Files\NVIDIA GPU Computing Toolkit\CUDA\v10.2\include\cuda_runtime_api.h(9349): warning C4819: 该文件包含不能在当前代码页(936)中表示的字符。请将该文件保存为 Unicode 格式以防止数据丢失
D:/homework/vrlab/cudapro/main.cu(27): warning : return type of function "main" must be "int"
  
  main.cu
D:/homework/vrlab/cudapro/main.cu(76): warning C4244: “初始化”: 从“double”转换到“int”，可能丢失数据
D:/homework/vrlab/cudapro/main.cu(77): warning C4244: “初始化”: 从“double”转换到“int”，可能丢失数据
D:/homework/vrlab/cudapro/main.cu(92): warning C4101: “writePath”: 未引用的局部变量
D:/homework/vrlab/cudapro/main.cu(47): warning C4101: “readPath”: 未引用的局部变量
D:/homework/vrlab/cudapro/main.cu(161): warning C4101: “readPath”: 未引用的局部变量
  cudapro.vcxproj -> D:\homework\vrlab\cudapro\x64\Debug\cudapro.exe
