d:\homework\vrlab\opengl_qt1\x64\debug\vc142.pdb
d:\homework\vrlab\opengl_qt1\x64\debug\glad.obj
d:\homework\vrlab\opengl_qt1\x64\debug\qtfunctionwidget1.obj
d:\homework\vrlab\opengl_qt1\x64\debug\matrix4x4.obj
d:\homework\vrlab\opengl_qt1\x64\debug\camera.obj
d:\homework\vrlab\opengl_qt1\x64\debug\color.obj
d:\homework\vrlab\opengl_qt1\x64\debug\stb_image.obj
d:\homework\vrlab\opengl_qt1\x64\debug\main.obj
d:\homework\vrlab\opengl_qt1\x64\debug\vector4d.obj
d:\homework\vrlab\opengl_qt1\x64\debug\timer.obj
d:\homework\vrlab\opengl_qt1\x64\debug\arcball.obj
d:\homework\vrlab\opengl_qt1\x64\debug\plane.obj
d:\homework\vrlab\opengl_qt1\x64\debug\vector3d.obj
d:\homework\vrlab\opengl_qt1\x64\debug\vector2d.obj
d:\homework\vrlab\opengl_qt1\x64\debug\mass-spring.obj
d:\homework\vrlab\opengl_qt1\x64\debug\opengl_qt1.obj
d:\homework\vrlab\opengl_qt1\x64\debug\moc_opengl_qt1.obj
d:\homework\vrlab\opengl_qt1\x64\debug\qrc_opengl_qt1.obj
d:\homework\vrlab\opengl_qt1\x64\debug\\moc\moc_opengl_qt1.cpp
d:\homework\vrlab\opengl_qt1\x64\debug\uic\ui_opengl_qt1.h
d:\homework\vrlab\opengl_qt1\x64\debug\rcc\qrc_opengl_qt1.cpp
d:\homework\vrlab\opengl_qt1\x64\debug\moc\moc_opengl_qt1.cpp
d:\homework\vrlab\opengl_qt1\x64\debug\\rcc\qrc_opengl_qt1.cpp
d:\homework\vrlab\opengl_qt1\x64\debug\\uic\ui_opengl_qt1.h
d:\homework\vrlab\opengl_qt1\x64\debug\opengl_qt1.pdb
d:\homework\vrlab\opengl_qt1\x64\debug\opengl_qt1.tlog\cl.command.1.tlog
d:\homework\vrlab\opengl_qt1\x64\debug\opengl_qt1.tlog\cl.read.1.tlog
d:\homework\vrlab\opengl_qt1\x64\debug\opengl_qt1.tlog\cl.write.1.tlog
d:\homework\vrlab\opengl_qt1\x64\debug\opengl_qt1.tlog\link-cvtres.read.1.tlog
d:\homework\vrlab\opengl_qt1\x64\debug\opengl_qt1.tlog\link-cvtres.write.1.tlog
d:\homework\vrlab\opengl_qt1\x64\debug\opengl_qt1.tlog\link-rc.read.1.tlog
d:\homework\vrlab\opengl_qt1\x64\debug\opengl_qt1.tlog\link-rc.write.1.tlog
d:\homework\vrlab\opengl_qt1\x64\debug\opengl_qt1.tlog\link.42592-cvtres.read.1.tlog
d:\homework\vrlab\opengl_qt1\x64\debug\opengl_qt1.tlog\link.42592-cvtres.write.1.tlog
d:\homework\vrlab\opengl_qt1\x64\debug\opengl_qt1.tlog\link.42592-rc.read.1.tlog
d:\homework\vrlab\opengl_qt1\x64\debug\opengl_qt1.tlog\link.42592-rc.write.1.tlog
d:\homework\vrlab\opengl_qt1\x64\debug\opengl_qt1.tlog\link.42592.delete.1.tlog
d:\homework\vrlab\opengl_qt1\x64\debug\opengl_qt1.tlog\link.42592.read.1.tlog
d:\homework\vrlab\opengl_qt1\x64\debug\opengl_qt1.tlog\link.42592.write.1.tlog
d:\homework\vrlab\opengl_qt1\x64\debug\opengl_qt1.tlog\link.command.1.tlog
d:\homework\vrlab\opengl_qt1\x64\debug\opengl_qt1.tlog\link.delete.1.tlog
d:\homework\vrlab\opengl_qt1\x64\debug\opengl_qt1.tlog\link.read.1.tlog
d:\homework\vrlab\opengl_qt1\x64\debug\opengl_qt1.tlog\link.write.1.tlog
d:\homework\vrlab\opengl_qt1\x64\debug\opengl_qt1.tlog\moc.read.1u.tlog
d:\homework\vrlab\opengl_qt1\x64\debug\opengl_qt1.tlog\moc.write.1u.tlog
d:\homework\vrlab\opengl_qt1\x64\debug\opengl_qt1.tlog\opengl_qt1.write.1u.tlog
d:\homework\vrlab\opengl_qt1\x64\debug\opengl_qt1.tlog\rcc.read.1u.tlog
d:\homework\vrlab\opengl_qt1\x64\debug\opengl_qt1.tlog\rcc.write.1u.tlog
d:\homework\vrlab\opengl_qt1\x64\debug\opengl_qt1.tlog\uic.read.1u.tlog
d:\homework\vrlab\opengl_qt1\x64\debug\opengl_qt1.tlog\uic.write.1u.tlog
